<?xml version="1.0" encoding="UTF-8"?>
<!-- Generated by org.testng.reporters.JUnitReportReporter -->
<testsuite hostname="HB11536" failures="0" tests="1" name="more_ways.Vegetables" time="38.495" errors="0" timestamp="2022-03-24T13:13:38 EDT" skipped="0">
  <testcase classname="more_ways.Vegetables" name="f" time="38.495"/>
  <system-out/>
</testsuite> <!-- more_ways.Vegetables -->
