<?xml version="1.0" encoding="UTF-8"?>
<!-- Generated by org.testng.reporters.JUnitReportReporter -->
<testsuite hostname="HB11536" failures="0" tests="1" name="more_ways.WindowHandle_Demo" time="6.357" errors="0" timestamp="2022-03-24T11:30:07 EDT" skipped="0">
  <testcase classname="more_ways.WindowHandle_Demo" name="fhgf" time="6.357"/>
  <system-out/>
</testsuite> <!-- more_ways.WindowHandle_Demo -->
