<?xml version="1.0" encoding="UTF-8"?>
<!-- Generated by org.testng.reporters.JUnitReportReporter -->
<testsuite hostname="HB11536" failures="0" tests="1" name="more_ways.Homework" time="7.827" errors="0" timestamp="2022-03-24T11:20:52 EDT" skipped="0">
  <testcase classname="more_ways.Homework" name="LunchBrowser" time="7.827"/>
  <system-out/>
</testsuite> <!-- more_ways.Homework -->
