<?xml version="1.0" encoding="UTF-8"?>
<!-- Generated by org.testng.reporters.JUnitReportReporter -->
<testsuite hostname="HB11536" failures="0" tests="1" name="more_ways.Airflight" time="18.522" errors="0" timestamp="2022-03-23T13:23:18 EDT" skipped="0">
  <testcase classname="more_ways.Airflight" name="LunchBrowser" time="18.522"/>
  <system-out/>
</testsuite> <!-- more_ways.Airflight -->
