<?xml version="1.0" encoding="UTF-8"?>
<!-- Generated by org.testng.reporters.JUnitReportReporter -->
<testsuite hostname="HB11536" failures="0" tests="1" name="more_ways.RSAEnable" time="5.098" errors="0" timestamp="2022-03-24T10:45:09 EDT" skipped="0">
  <testcase classname="more_ways.RSAEnable" name="LunchBrowser" time="5.098"/>
  <system-out/>
</testsuite> <!-- more_ways.RSAEnable -->
